<?xml version="1.0" encoding="UTF-8"?>
<testsuite xmlns:xsi="http://www.w3.org/2001/XMLSchema-instance" xsi:noNamespaceSchemaLocation="https://maven.apache.org/surefire/maven-surefire-plugin/xsd/surefire-test-report-3.0.xsd" version="3.0" name="OrderTest" time="0.039" tests="5" errors="0" skipped="0" failures="0">
  <properties>
[...]
</properties>
  <testcase name="testCalculatePrice_NonStudentWeekday" classname="OrderTest" time="0.02"/>
  <testcase name="testCalculatePrice_NonStudentWeekendWithGroupDiscount" classname="OrderTest" time="0.001"/>
  <testcase name="testCalculatePrice_EmptyOrder" classname="OrderTest" time="0.001"/>
  <testcase name="testCalculatePrice_StudentWeekend" classname="OrderTest" time="0.001"/>
  <testcase name="testCalculatePrice_StudentOnWeekday" classname="OrderTest" time="0.001"/>
</testsuite>